# JRE version: Java(TM) SE Runtime Environment (8.0_25-b18) (build 1.8.0_25-b18)
# Java VM: Java HotSpot(TM) 64-Bit Server VM (25.25-b02 mixed mode windows-amd64 compressed oops)
Heap:
 PSYoungGen      total 48640K, used 2444K [0x00000007bc400000, 0x00000007c0000000, 0x00000007c0000000)
  eden space 35328K, 0% used [0x00000007bc400000,0x00000007bc400000,0x00000007be680000)
  from space 13312K, 18% used [0x00000007bf300000,0x00000007bf563118,0x00000007c0000000)
  to   space 12800K, 0% used [0x00000007be680000,0x00000007be680000,0x00000007bf300000)
 ParOldGen       total 129024K, used 34394K [0x0000000700000000, 0x0000000707e00000, 0x00000007bc400000)
  object space 129024K, 26% used [0x0000000700000000,0x0000000702196910,0x0000000707e00000)
 Metaspace       used 49500K, capacity 49801K, committed 50176K, reserved 1095680K
  class space    used 7077K, capacity 7125K, committed 7168K, reserved 1048576K
GC Heap History (10 events):
Event: 94.894 GC heap after
Heap after GC invocations=23 (full 3):
 PSYoungGen      total 45056K, used 2384K [0x00000007bc400000, 0x00000007c0000000, 0x00000007c0000000)
  eden space 27648K, 0% used [0x00000007bc400000,0x00000007bc400000,0x00000007bdf00000)
  from space 17408K, 13% used [0x00000007bef00000,0x00000007bf154280,0x00000007c0000000)
  to   space 16384K, 0% used [0x00000007bdf00000,0x00000007bdf00000,0x00000007bef00000)
 ParOldGen       total 129024K, used 34362K [0x0000000700000000, 0x0000000707e00000, 0x00000007bc400000)
  object space 129024K, 26% used [0x0000000700000000,0x000000070218e910,0x0000000707e00000)
 Metaspace       used 49171K, capacity 49481K, committed 49920K, reserved 1091584K
  class space    used 7073K, capacity 7125K, committed 7168K, reserved 1048576K
}
Event: 116.969 GC heap before
{Heap before GC invocations=24 (full 3):
 PSYoungGen      total 45056K, used 30032K [0x00000007bc400000, 0x00000007c0000000, 0x00000007c0000000)
  eden space 27648K, 100% used [0x00000007bc400000,0x00000007bdf00000,0x00000007bdf00000)
  from space 17408K, 13% used [0x00000007bef00000,0x00000007bf154280,0x00000007c0000000)
  to   space 16384K, 0% used [0x00000007bdf00000,0x00000007bdf00000,0x00000007bef00000)
 ParOldGen       total 129024K, used 34362K [0x0000000700000000, 0x0000000707e00000, 0x00000007bc400000)
  object space 129024K, 26% used [0x0000000700000000,0x000000070218e910,0x0000000707e00000)
 Metaspace       used 49296K, capacity 49609K, committed 50176K, reserved 1091584K
  class space    used 7073K, capacity 7125K, committed 7168K, reserved 1048576K
Event: 116.972 GC heap after
Heap after GC invocations=24 (full 3):
 PSYoungGen      total 44032K, used 2673K [0x00000007bc400000, 0x00000007c0000000, 0x00000007c0000000)
  eden space 27648K, 0% used [0x00000007bc400000,0x00000007bc400000,0x00000007bdf00000)
  from space 16384K, 16% used [0x00000007bdf00000,0x00000007be19c790,0x00000007bef00000)
  to   space 15360K, 0% used [0x00000007bf100000,0x00000007bf100000,0x00000007c0000000)
 ParOldGen       total 129024K, used 34370K [0x0000000700000000, 0x0000000707e00000, 0x00000007bc400000)
  object space 129024K, 26% used [0x0000000700000000,0x0000000702190910,0x0000000707e00000)
 Metaspace       used 49296K, capacity 49609K, committed 50176K, reserved 1091584K
  class space    used 7073K, capacity 7125K, committed 7168K, reserved 1048576K
}
Event: 171.287 GC heap before
{Heap before GC invocations=25 (full 3):
 PSYoungGen      total 44032K, used 30321K [0x00000007bc400000, 0x00000007c0000000, 0x00000007c0000000)
  eden space 27648K, 100% used [0x00000007bc400000,0x00000007bdf00000,0x00000007bdf00000)
  from space 16384K, 16% used [0x00000007bdf00000,0x00000007be19c790,0x00000007bef00000)
  to   space 15360K, 0% used [0x00000007bf100000,0x00000007bf100000,0x00000007c0000000)
 ParOldGen       total 129024K, used 34370K [0x0000000700000000, 0x0000000707e00000, 0x00000007bc400000)
  object space 129024K, 26% used [0x0000000700000000,0x0000000702190910,0x0000000707e00000)
 Metaspace       used 49422K, capacity 49801K, committed 50176K, reserved 1091584K
  class space    used 7075K, capacity 7125K, committed 7168K, reserved 1048576K
Event: 171.290 GC heap after
Heap after GC invocations=25 (full 3):
 PSYoungGen      total 47104K, used 2726K [0x00000007bc400000, 0x00000007c0000000, 0x00000007c0000000)
  eden space 31744K, 0% used [0x00000007bc400000,0x00000007bc400000,0x00000007be300000)
  from space 15360K, 17% used [0x00000007bf100000,0x00000007bf3a9810,0x00000007c0000000)
  to   space 14336K, 0% used [0x00000007be300000,0x00000007be300000,0x00000007bf100000)
 ParOldGen       total 129024K, used 34378K [0x0000000700000000, 0x0000000707e00000, 0x00000007bc400000)
  object space 129024K, 26% used [0x0000000700000000,0x0000000702192910,0x0000000707e00000)
 Metaspace       used 49422K, capacity 49801K, committed 50176K, reserved 1091584K
  class space    used 7075K, capacity 7125K, committed 7168K, reserved 1048576K
}
Event: 234.761 GC heap before
{Heap before GC invocations=26 (full 3):
 PSYoungGen      total 47104K, used 34470K [0x00000007bc400000, 0x00000007c0000000, 0x00000007c0000000)
  eden space 31744K, 100% used [0x00000007bc400000,0x00000007be300000,0x00000007be300000)
  from space 15360K, 17% used [0x00000007bf100000,0x00000007bf3a9810,0x00000007c0000000)
  to   space 14336K, 0% used [0x00000007be300000,0x00000007be300000,0x00000007bf100000)
 ParOldGen       total 129024K, used 34378K [0x0000000700000000, 0x0000000707e00000, 0x00000007bc400000)
  object space 129024K, 26% used [0x0000000700000000,0x0000000702192910,0x0000000707e00000)
 Metaspace       used 49481K, capacity 49801K, committed 50176K, reserved 1091584K
  class space    used 7075K, capacity 7125K, committed 7168K, reserved 1048576K
Event: 234.766 GC heap after
Heap after GC invocations=26 (full 3):
 PSYoungGen      total 46080K, used 2918K [0x00000007bc400000, 0x00000007c0000000, 0x00000007c0000000)
  eden space 31744K, 0% used [0x00000007bc400000,0x00000007bc400000,0x00000007be300000)
  from space 14336K, 20% used [0x00000007be300000,0x00000007be5d9a30,0x00000007bf100000)
  to   space 13312K, 0% used [0x00000007bf300000,0x00000007bf300000,0x00000007c0000000)
 ParOldGen       total 129024K, used 34386K [0x0000000700000000, 0x0000000707e00000, 0x00000007bc400000)
  object space 129024K, 26% used [0x0000000700000000,0x0000000702194910,0x0000000707e00000)
 Metaspace       used 49481K, capacity 49801K, committed 50176K, reserved 1091584K
  class space    used 7075K, capacity 7125K, committed 7168K, reserved 1048576K
}
Event: 239.022 GC heap before
{Heap before GC invocations=27 (full 3):
 PSYoungGen      total 46080K, used 9080K [0x00000007bc400000, 0x00000007c0000000, 0x00000007c0000000)
  eden space 31744K, 19% used [0x00000007bc400000,0x00000007bca04618,0x00000007be300000)
  from space 14336K, 20% used [0x00000007be300000,0x00000007be5d9a30,0x00000007bf100000)
  to   space 13312K, 0% used [0x00000007bf300000,0x00000007bf300000,0x00000007c0000000)
 ParOldGen       total 129024K, used 34386K [0x0000000700000000, 0x0000000707e00000, 0x00000007bc400000)
  object space 129024K, 26% used [0x0000000700000000,0x0000000702194910,0x0000000707e00000)
 Metaspace       used 49500K, capacity 49801K, committed 50176K, reserved 1095680K
  class space    used 7077K, capacity 7125K, committed 7168K, reserved 1048576K
Event: 239.025 GC heap after
Heap after GC invocations=27 (full 3):
 PSYoungGen      total 48640K, used 2444K [0x00000007bc400000, 0x00000007c0000000, 0x00000007c0000000)
  eden space 35328K, 0% used [0x00000007bc400000,0x00000007bc400000,0x00000007be680000)
  from space 13312K, 18% used [0x00000007bf300000,0x00000007bf563118,0x00000007c0000000)
  to   space 12800K, 0% used [0x00000007be680000,0x00000007be680000,0x00000007bf300000)
 ParOldGen       total 129024K, used 34394K [0x0000000700000000, 0x0000000707e00000, 0x00000007bc400000)
  object space 129024K, 26% used [0x0000000700000000,0x0000000702196910,0x0000000707e00000)
 Metaspace       used 49500K, capacity 49801K, committed 50176K, reserved 1095680K
  class space    used 7077K, capacity 7125K, committed 7168K, reserved 1048576K
}
Event: 239.025 GC heap before
{Heap before GC invocations=28 (full 4):
 PSYoungGen      total 48640K, used 2444K [0x00000007bc400000, 0x00000007c0000000, 0x00000007c0000000)
  eden space 35328K, 0% used [0x00000007bc400000,0x00000007bc400000,0x00000007be680000)
  from space 13312K, 18% used [0x00000007bf300000,0x00000007bf563118,0x00000007c0000000)
  to   space 12800K, 0% used [0x00000007be680000,0x00000007be680000,0x00000007bf300000)
 ParOldGen       total 129024K, used 34394K [0x0000000700000000, 0x0000000707e00000, 0x00000007bc400000)
  object space 129024K, 26% used [0x0000000700000000,0x0000000702196910,0x0000000707e00000)
 Metaspace       used 49500K, capacity 49801K, committed 50176K, reserved 1095680K
  class space    used 7077K, capacity 7125K, committed 7168K, reserved 1048576K

