# JRE version: Java(TM) SE Runtime Environment (8.0_25-b18) (build 1.8.0_25-b18)
# Java VM: Java HotSpot(TM) 64-Bit Server VM (25.25-b02 mixed mode windows-amd64 compressed oops)
Heap:
 PSYoungGen      total 54272K, used 42674K [0x00000007bc400000, 0x00000007c0000000, 0x00000007c0000000)
  eden space 48128K, 84% used [0x00000007bc400000,0x00000007beb8b078,0x00000007bf300000)
  from space 6144K, 35% used [0x00000007bfa00000,0x00000007bfc21948,0x00000007c0000000)
  to   space 6656K, 0% used [0x00000007bf300000,0x00000007bf300000,0x00000007bf980000)
 ParOldGen       total 149504K, used 50518K [0x0000000700000000, 0x0000000709200000, 0x00000007bc400000)
  object space 149504K, 33% used [0x0000000700000000,0x0000000703155900,0x0000000709200000)
 Metaspace       used 57100K, capacity 57483K, committed 57984K, reserved 1099776K
  class space    used 7936K, capacity 8010K, committed 8064K, reserved 1048576K
GC Heap History (10 events):
Event: 2363.242 GC heap before
{Heap before GC invocations=140 (full 7):
 PSYoungGen      total 55808K, used 54039K [0x00000007bc400000, 0x00000007c0000000, 0x00000007c0000000)
  eden space 50176K, 100% used [0x00000007bc400000,0x00000007bf500000,0x00000007bf500000)
  from space 5632K, 68% used [0x00000007bfa80000,0x00000007bfe45cf8,0x00000007c0000000)
  to   space 5632K, 0% used [0x00000007bf500000,0x00000007bf500000,0x00000007bfa80000)
 ParOldGen       total 149504K, used 53808K [0x0000000700000000, 0x0000000709200000, 0x00000007bc400000)
  object space 149504K, 35% used [0x0000000700000000,0x000000070348c2d0,0x0000000709200000)
 Metaspace       used 56434K, capacity 56811K, committed 57216K, reserved 1099776K
  class space    used 7725K, capacity 7786K, committed 7808K, reserved 1048576K
Event: 2363.246 GC heap after
Heap after GC invocations=140 (full 7):
 PSYoungGen      total 55808K, used 3767K [0x00000007bc400000, 0x00000007c0000000, 0x00000007c0000000)
  eden space 50176K, 0% used [0x00000007bc400000,0x00000007bc400000,0x00000007bf500000)
  from space 5632K, 66% used [0x00000007bf500000,0x00000007bf8adcf8,0x00000007bfa80000)
  to   space 5632K, 0% used [0x00000007bfa80000,0x00000007bfa80000,0x00000007c0000000)
 ParOldGen       total 149504K, used 53928K [0x0000000700000000, 0x0000000709200000, 0x00000007bc400000)
  object space 149504K, 36% used [0x0000000700000000,0x00000007034aa2d0,0x0000000709200000)
 Metaspace       used 56434K, capacity 56811K, committed 57216K, reserved 1099776K
  class space    used 7725K, capacity 7786K, committed 7808K, reserved 1048576K
}
Event: 2364.793 GC heap before
{Heap before GC invocations=141 (full 7):
 PSYoungGen      total 55808K, used 53943K [0x00000007bc400000, 0x00000007c0000000, 0x00000007c0000000)
  eden space 50176K, 100% used [0x00000007bc400000,0x00000007bf500000,0x00000007bf500000)
  from space 5632K, 66% used [0x00000007bf500000,0x00000007bf8adcf8,0x00000007bfa80000)
  to   space 5632K, 0% used [0x00000007bfa80000,0x00000007bfa80000,0x00000007c0000000)
 ParOldGen       total 149504K, used 53928K [0x0000000700000000, 0x0000000709200000, 0x00000007bc400000)
  object space 149504K, 36% used [0x0000000700000000,0x00000007034aa2d0,0x0000000709200000)
 Metaspace       used 56849K, capacity 57227K, committed 57728K, reserved 1099776K
  class space    used 7880K, capacity 7946K, committed 8064K, reserved 1048576K
Event: 2364.800 GC heap after
Heap after GC invocations=141 (full 7):
 PSYoungGen      total 54784K, used 5631K [0x00000007bc400000, 0x00000007c0000000, 0x00000007c0000000)
  eden space 49152K, 0% used [0x00000007bc400000,0x00000007bc400000,0x00000007bf400000)
  from space 5632K, 99% used [0x00000007bfa80000,0x00000007bfffffc0,0x00000007c0000000)
  to   space 6144K, 0% used [0x00000007bf400000,0x00000007bf400000,0x00000007bfa00000)
 ParOldGen       total 149504K, used 54876K [0x0000000700000000, 0x0000000709200000, 0x00000007bc400000)
  object space 149504K, 36% used [0x0000000700000000,0x0000000703597280,0x0000000709200000)
 Metaspace       used 56849K, capacity 57227K, committed 57728K, reserved 1099776K
  class space    used 7880K, capacity 7946K, committed 8064K, reserved 1048576K
}
Event: 2367.084 GC heap before
{Heap before GC invocations=142 (full 7):
 PSYoungGen      total 54784K, used 12733K [0x00000007bc400000, 0x00000007c0000000, 0x00000007c0000000)
  eden space 49152K, 14% used [0x00000007bc400000,0x00000007bcaef5f8,0x00000007bf400000)
  from space 5632K, 99% used [0x00000007bfa80000,0x00000007bfffffc0,0x00000007c0000000)
  to   space 6144K, 0% used [0x00000007bf400000,0x00000007bf400000,0x00000007bfa00000)
 ParOldGen       total 149504K, used 54876K [0x0000000700000000, 0x0000000709200000, 0x00000007bc400000)
  object space 149504K, 36% used [0x0000000700000000,0x0000000703597280,0x0000000709200000)
 Metaspace       used 56988K, capacity 57323K, committed 57984K, reserved 1099776K
  class space    used 7924K, capacity 7978K, committed 8064K, reserved 1048576K
Event: 2367.091 GC heap after
Heap after GC invocations=142 (full 7):
 PSYoungGen      total 55296K, used 5754K [0x00000007bc400000, 0x00000007c0000000, 0x00000007c0000000)
  eden space 49152K, 0% used [0x00000007bc400000,0x00000007bc400000,0x00000007bf400000)
  from space 6144K, 93% used [0x00000007bf400000,0x00000007bf99e8e0,0x00000007bfa00000)
  to   space 6144K, 0% used [0x00000007bfa00000,0x00000007bfa00000,0x00000007c0000000)
 ParOldGen       total 149504K, used 58746K [0x0000000700000000, 0x0000000709200000, 0x00000007bc400000)
  object space 149504K, 39% used [0x0000000700000000,0x000000070395ebd8,0x0000000709200000)
 Metaspace       used 56988K, capacity 57323K, committed 57984K, reserved 1099776K
  class space    used 7924K, capacity 7978K, committed 8064K, reserved 1048576K
}
Event: 2367.091 GC heap before
{Heap before GC invocations=143 (full 8):
 PSYoungGen      total 55296K, used 5754K [0x00000007bc400000, 0x00000007c0000000, 0x00000007c0000000)
  eden space 49152K, 0% used [0x00000007bc400000,0x00000007bc400000,0x00000007bf400000)
  from space 6144K, 93% used [0x00000007bf400000,0x00000007bf99e8e0,0x00000007bfa00000)
  to   space 6144K, 0% used [0x00000007bfa00000,0x00000007bfa00000,0x00000007c0000000)
 ParOldGen       total 149504K, used 58746K [0x0000000700000000, 0x0000000709200000, 0x00000007bc400000)
  object space 149504K, 39% used [0x0000000700000000,0x000000070395ebd8,0x0000000709200000)
 Metaspace       used 56988K, capacity 57323K, committed 57984K, reserved 1099776K
  class space    used 7924K, capacity 7978K, committed 8064K, reserved 1048576K
Event: 2367.329 GC heap after
Heap after GC invocations=143 (full 8):
 PSYoungGen      total 55296K, used 0K [0x00000007bc400000, 0x00000007c0000000, 0x00000007c0000000)
  eden space 49152K, 0% used [0x00000007bc400000,0x00000007bc400000,0x00000007bf400000)
  from space 6144K, 0% used [0x00000007bf400000,0x00000007bf400000,0x00000007bfa00000)
  to   space 6144K, 0% used [0x00000007bfa00000,0x00000007bfa00000,0x00000007c0000000)
 ParOldGen       total 149504K, used 50510K [0x0000000700000000, 0x0000000709200000, 0x00000007bc400000)
  object space 149504K, 33% used [0x0000000700000000,0x0000000703153900,0x0000000709200000)
 Metaspace       used 56988K, capacity 57323K, committed 57984K, reserved 1099776K
  class space    used 7924K, capacity 7978K, committed 8064K, reserved 1048576K
}
Event: 2379.532 GC heap before
{Heap before GC invocations=144 (full 8):
 PSYoungGen      total 55296K, used 49152K [0x00000007bc400000, 0x00000007c0000000, 0x00000007c0000000)
  eden space 49152K, 100% used [0x00000007bc400000,0x00000007bf400000,0x00000007bf400000)
  from space 6144K, 0% used [0x00000007bf400000,0x00000007bf400000,0x00000007bfa00000)
  to   space 6144K, 0% used [0x00000007bfa00000,0x00000007bfa00000,0x00000007c0000000)
 ParOldGen       total 149504K, used 50510K [0x0000000700000000, 0x0000000709200000, 0x00000007bc400000)
  object space 149504K, 33% used [0x0000000700000000,0x0000000703153900,0x0000000709200000)
 Metaspace       used 57074K, capacity 57483K, committed 57984K, reserved 1099776K
  class space    used 7936K, capacity 8010K, committed 8064K, reserved 1048576K
Event: 2379.536 GC heap after
Heap after GC invocations=144 (full 8):
 PSYoungGen      total 54272K, used 2182K [0x00000007bc400000, 0x00000007c0000000, 0x00000007c0000000)
  eden space 48128K, 0% used [0x00000007bc400000,0x00000007bc400000,0x00000007bf300000)
  from space 6144K, 35% used [0x00000007bfa00000,0x00000007bfc21948,0x00000007c0000000)
  to   space 6656K, 0% used [0x00000007bf300000,0x00000007bf300000,0x00000007bf980000)
 ParOldGen       total 149504K, used 50518K [0x0000000700000000, 0x0000000709200000, 0x00000007bc400000)
  object space 149504K, 33% used [0x0000000700000000,0x0000000703155900,0x0000000709200000)
 Metaspace       used 57074K, capacity 57483K, committed 57984K, reserved 1099776K
  class space    used 7936K, capacity 8010K, committed 8064K, reserved 1048576K
}

